2024-10-30 20:36:48,330 - Script is starting from the testScript...
2024-10-30 20:36:48,330 - Starting SMS session for Country: India, Operator: jio
2024-10-30 20:36:48,330 - Sending SMS... 1
2024-10-30 20:36:50,330 - Sending SMS... 2
2024-10-30 20:36:52,330 - Sending SMS... 3
2024-10-30 20:36:54,331 - Sending SMS... 4
2024-10-30 20:36:56,331 - Sending SMS... 5
2024-10-30 20:36:58,331 - Sending SMS... 6
2024-10-30 20:37:00,331 - Sending SMS... 7
2024-10-30 20:37:02,332 - Sending SMS... 8
2024-10-30 20:37:04,332 - Sending SMS... 9
2024-10-30 20:37:06,332 - Sending SMS... 10
2024-10-30 20:37:08,333 - SMS session for Country: India, Operator: jio completed.
2024-10-30 20:37:11,193 - Script is starting from the testScript...
2024-10-30 20:37:11,193 - Starting SMS session for Country: India, Operator: jio
2024-10-30 20:37:11,193 - Sending SMS... 1
2024-10-30 20:37:13,193 - Sending SMS... 2
2024-10-30 20:37:15,193 - Sending SMS... 3
2024-10-30 20:37:17,194 - Sending SMS... 4
2024-10-30 20:37:19,194 - Sending SMS... 5
2024-10-30 20:37:21,194 - Sending SMS... 6
2024-10-30 20:37:23,194 - Sending SMS... 7
2024-10-30 20:37:25,194 - Sending SMS... 8
2024-10-30 20:37:27,195 - Sending SMS... 9
2024-10-30 20:37:29,195 - Sending SMS... 10
2024-10-30 20:37:31,195 - SMS session for Country: India, Operator: jio completed.
2024-10-30 20:37:42,807 - Script is starting from the testScript...
2024-10-30 20:37:42,807 - Starting SMS session for Country: India, Operator: jio
2024-10-30 20:37:42,807 - Sending SMS... 1
2024-10-30 20:37:44,807 - Sending SMS... 2
2024-10-30 20:37:46,807 - Sending SMS... 3
2024-10-30 20:37:48,808 - Sending SMS... 4
2024-10-30 20:37:50,808 - Sending SMS... 5
2024-10-30 20:37:52,809 - Sending SMS... 6
2024-10-30 20:37:54,809 - Sending SMS... 7
2024-10-30 20:37:56,810 - Sending SMS... 8
2024-10-30 20:37:58,810 - Sending SMS... 9
2024-10-30 20:38:00,810 - Sending SMS... 10
2024-10-30 20:38:02,811 - SMS session for Country: India, Operator: jio completed.
2024-10-30 20:39:19,887 - Script is starting from the testScript...
2024-10-30 20:39:19,887 - Starting SMS session for Country: India, Operator: jio
2024-10-30 20:39:19,887 - Sending SMS... 1
2024-10-30 20:39:21,887 - Sending SMS... 2
2024-10-30 20:39:23,887 - Sending SMS... 3
2024-10-30 20:39:25,887 - Sending SMS... 4
2024-10-30 20:39:56,517 - Script is starting from the testScript...
2024-10-30 20:39:56,518 - Starting SMS session for Country: India, Operator: jio
2024-10-30 20:39:56,518 - Sending SMS... 1
2024-10-30 20:39:58,518 - Sending SMS... 2
2024-10-30 20:40:35,269 - Script is starting from the testScript...
2024-10-30 20:40:35,269 - Starting SMS session for Country: India, Operator: jio
2024-10-30 20:40:35,269 - Sending SMS... 1
2024-10-30 20:40:37,269 - Sending SMS... 2
2024-10-30 20:40:39,269 - Sending SMS... 3
2024-10-30 20:40:41,270 - Sending SMS... 4
2024-10-30 20:40:43,270 - Sending SMS... 5
2024-10-30 20:40:45,270 - Sending SMS... 6
2024-10-30 20:41:04,395 - Script is starting from the testScript...
2024-10-30 20:41:04,395 - Starting SMS session for Country: India, Operator: jio
2024-10-30 20:41:04,395 - Sending SMS... 1
2024-10-30 20:41:06,395 - Sending SMS... 2
2024-10-30 20:41:08,395 - Sending SMS... 3
2024-10-30 20:54:44,623 - Script is starting from the testScript...
2024-10-30 20:54:44,623 - Starting SMS session for Country: India, Operator: jio
2024-10-30 20:54:44,623 - Sending SMS... 1
2024-10-30 20:54:46,623 - Sending SMS... 2
2024-10-30 20:54:48,623 - Sending SMS... 3
2024-10-30 20:54:50,624 - Sending SMS... 4
2024-10-30 20:54:52,624 - Sending SMS... 5
2024-10-30 20:54:54,624 - Sending SMS... 6
2024-10-30 20:54:56,625 - Sending SMS... 7
2024-10-30 20:54:58,625 - Sending SMS... 8
2024-10-30 20:55:00,626 - Sending SMS... 9
2024-10-30 20:55:02,626 - Sending SMS... 10
2024-10-30 20:55:04,627 - SMS session for Country: India, Operator: jio completed.
2024-10-30 20:58:34,995 - Script is starting from the testScript...
2024-10-30 20:58:34,995 - Starting SMS session for Country: India, Operator: jio
2024-10-30 20:58:34,995 - Sending SMS... 1
2024-10-30 20:58:36,995 - Sending SMS... 2
2024-10-30 20:58:38,996 - Sending SMS... 3
2024-10-30 20:58:40,997 - Sending SMS... 4
2024-10-30 21:06:30,147 - Script is starting from the testScript...
2024-10-30 21:06:30,147 - Usage: python3 smsScripts.py <country> <operator>
2024-10-30 21:07:25,478 - Script is starting from the testScript...
2024-10-30 21:07:25,479 - Usage: python3 smsScripts.py <country> <operator>
2024-10-30 21:08:59,155 - Script is starting from the testScript...
2024-10-30 21:08:59,155 - Usage: python3 smsScripts.py <country> <operator>
2024-10-30 21:09:49,287 - Script is starting from the smsScript...
2024-10-30 21:09:49,287 - Usage: python3 smsScripts.py <country> <operator>
2024-10-30 21:10:56,444 - Script is starting from the smsScript...
2024-10-30 21:10:56,444 - Starting SMS session for Country: India, Operator: jio
2024-10-30 21:10:56,444 - Sending SMS... 1
2024-10-30 21:10:58,444 - Sending SMS... 2
2024-10-30 21:11:00,444 - Sending SMS... 3
2024-10-30 21:11:02,445 - Sending SMS... 4
2024-10-30 21:24:08,501 - Script is starting from the smsScript...
2024-10-30 21:24:08,502 - Starting SMS session for Country: India, Operator: jio
2024-10-30 21:24:08,502 - Sending SMS... 1
2024-10-30 21:24:10,502 - Sending SMS... 2
2024-10-30 21:24:12,502 - Sending SMS... 3
2024-10-30 21:24:14,503 - Sending SMS... 4
2024-10-30 21:30:47,611 - Script is starting from the smsScript...
2024-10-30 21:30:47,611 - Usage: python3 smsScripts.py <country> <operator>
2024-10-30 21:34:27,028 - Script is starting from the smsScript...
2024-10-30 21:34:27,028 - Usage: python3 smsScripts.py <country> <operator>
2024-10-30 21:38:08,031 - Script is starting from the smsScript...
2024-10-30 21:38:08,032 - Usage: python3 smsScripts.py <country> <operator>
2024-10-30 21:41:01,628 - Script is starting from the testScript1...
2024-10-30 21:41:01,628 - Starting SMS session for Country: India, Operator: jio
2024-10-30 21:41:01,628 - Sending SMS... 1
2024-10-30 21:41:03,628 - Sending SMS... 2
2024-10-30 21:41:05,628 - Sending SMS... 3
2024-10-30 21:41:07,629 - Sending SMS... 4
2024-10-30 21:41:09,629 - Sending SMS... 5
2024-10-30 21:41:23,488 - Script is starting from the smsScript...
2024-10-30 21:41:23,488 - Starting SMS session for Country: India, Operator: jio
2024-10-30 21:41:23,488 - Sending SMS... 1
2024-10-30 21:41:25,489 - Sending SMS... 2
2024-10-30 21:41:27,489 - Sending SMS... 3
2024-10-30 21:41:29,489 - Sending SMS... 4
2024-10-30 21:41:31,490 - Sending SMS... 5
2024-10-30 21:41:33,490 - Sending SMS... 6
2024-10-30 21:41:35,490 - Sending SMS... 7
2024-10-30 21:41:37,491 - Sending SMS... 8
2024-10-30 21:41:39,491 - Sending SMS... 9
2024-10-30 21:41:41,492 - Sending SMS... 10
2024-10-30 21:41:43,492 - SMS session for Country: India, Operator: jio completed.
2024-10-30 21:42:44,850 - Script is starting from the smsScript...
2024-10-30 21:42:44,850 - Starting SMS session for Country: abc, Operator: rwafeh
2024-10-30 21:42:44,850 - Sending SMS... 1
2024-10-30 21:42:46,850 - Sending SMS... 2
2024-10-30 21:42:48,850 - Sending SMS... 3
2024-10-30 21:42:50,851 - Sending SMS... 4
2024-10-30 21:42:52,852 - Sending SMS... 5
2024-10-30 21:42:54,852 - Sending SMS... 6
2024-10-30 21:42:56,852 - Sending SMS... 7
2024-10-30 21:42:58,852 - Sending SMS... 8
2024-10-30 21:43:00,853 - Sending SMS... 9
2024-10-30 21:43:02,853 - Sending SMS... 10
2024-10-30 21:43:04,853 - SMS session for Country: abc, Operator: rwafeh completed.
2024-10-30 21:44:23,201 - Script is starting from the smsScript...
2024-10-30 21:44:23,202 - Usage: python3 smsScripts.py <country> <operator>
2024-10-30 23:53:52,009 - Script is starting from the smsScript...
2024-10-30 23:53:52,009 - Starting SMS session for Country: India, Operator: jio
2024-10-30 23:53:52,009 - Sending SMS... 1
2024-10-30 23:53:54,009 - Sending SMS... 2
2024-10-30 23:53:56,010 - Sending SMS... 3
2024-10-30 23:53:58,010 - Sending SMS... 4
2024-10-30 23:54:00,010 - Sending SMS... 5
2024-10-31 00:22:44,451 - Script is starting from the smsScript...
2024-10-31 00:22:44,451 - Usage: python3 smsScripts.py <country> <operator>
2024-10-31 00:27:11,673 - Script is starting from the smsScript...
2024-10-31 00:27:11,674 - Usage: python3 smsScripts.py <country> <operator>
2024-10-31 00:30:48,228 - Script is starting from the smsScript...
2024-10-31 00:30:48,228 - Starting SMS session for Country: India, Operator: jio
2024-10-31 00:30:48,229 - Sending SMS... 1
2024-10-31 00:30:50,229 - Sending SMS... 2
2024-10-31 00:30:52,229 - Sending SMS... 3
2024-10-31 00:30:54,230 - Sending SMS... 4
2024-10-31 00:30:56,231 - Sending SMS... 5
2024-10-31 00:30:58,231 - Sending SMS... 6
2024-10-31 00:31:00,232 - Sending SMS... 7
2024-10-31 00:31:02,232 - Sending SMS... 8
2024-10-31 00:32:48,542 - Script is starting from the smsScript...
2024-10-31 00:32:48,542 - Starting SMS session for Country: India, Operator: jio
2024-10-31 00:32:48,542 - Sending SMS... 1
2024-10-31 00:33:32,624 - Script is starting from the smsScript...
2024-10-31 00:33:32,624 - Usage: python3 smsScripts.py <country> <operator>
2024-10-31 00:45:26,632 - Script is starting from the smsScript...
2024-10-31 00:45:26,632 - Starting SMS session for Country: hife, Operator: rwafeh
2024-10-31 00:45:26,632 - Sending SMS... 1
2024-10-31 00:45:28,632 - Sending SMS... 2
2024-10-31 00:45:30,633 - Sending SMS... 3
2024-10-31 00:45:32,633 - Sending SMS... 4
2024-10-31 00:45:34,633 - Sending SMS... 5
2024-10-31 00:45:36,634 - Sending SMS... 6
2024-10-31 00:46:31,394 - Script is starting from the smsScript...
2024-10-31 00:46:31,394 - Starting SMS session for Country: hife, Operator: rwafeh
2024-10-31 00:46:31,394 - Sending SMS... 1
2024-10-31 00:46:33,394 - Sending SMS... 2
2024-10-31 00:46:35,394 - Sending SMS... 3
2024-10-31 00:46:37,395 - Sending SMS... 4
2024-10-31 00:46:39,396 - Sending SMS... 5
2024-10-31 00:46:41,396 - Sending SMS... 6
2024-10-31 00:46:43,397 - Sending SMS... 7
2024-10-31 00:46:45,397 - Sending SMS... 8
2024-10-31 00:48:43,744 - Script is starting from the smsScript...
2024-10-31 00:48:43,745 - Starting SMS session for Country: hife, Operator: rwafeh
2024-10-31 00:48:43,745 - Sending SMS... 1
2024-10-31 00:48:45,745 - Sending SMS... 2
2024-10-31 00:48:47,745 - Sending SMS... 3
2024-10-31 00:48:49,745 - Sending SMS... 4
2024-10-31 00:48:51,746 - Sending SMS... 5
2024-10-31 00:48:53,746 - Sending SMS... 6
2024-10-31 00:48:55,746 - Sending SMS... 7
2024-10-31 00:48:57,747 - Sending SMS... 8
2024-10-31 00:48:59,747 - Sending SMS... 9
2024-10-31 00:49:01,747 - Sending SMS... 10
2024-10-31 00:49:03,748 - SMS session for Country: hife, Operator: rwafeh completed.
2024-10-31 00:49:10,925 - Script is starting from the smsScript...
2024-10-31 00:49:10,925 - Starting SMS session for Country: hife, Operator: rwafeh
2024-10-31 00:49:10,925 - Sending SMS... 1
2024-10-31 00:49:12,925 - Sending SMS... 2
2024-10-31 00:49:14,925 - Sending SMS... 3
2024-10-31 00:49:16,926 - Sending SMS... 4
2024-10-31 00:49:18,926 - Sending SMS... 5
2024-10-31 00:49:20,926 - Sending SMS... 6
2024-10-31 00:49:22,926 - Sending SMS... 7
2024-10-31 00:49:24,927 - Sending SMS... 8
2024-10-31 00:49:26,927 - Sending SMS... 9
2024-10-31 00:49:28,927 - Sending SMS... 10
2024-10-31 00:49:30,928 - SMS session for Country: hife, Operator: rwafeh completed.
2024-10-31 00:50:29,816 - Script is starting from the smsScript...
2024-10-31 00:50:29,816 - Starting SMS session for Country: hife, Operator: rwafeh
2024-10-31 00:50:29,816 - Sending SMS... 1
2024-10-31 00:50:31,817 - Sending SMS... 2
2024-10-31 00:50:33,817 - Sending SMS... 3
2024-10-31 00:50:35,817 - Sending SMS... 4
2024-10-31 00:50:37,818 - Sending SMS... 5
2024-10-31 00:50:39,818 - Sending SMS... 6
2024-10-31 00:50:41,818 - Sending SMS... 7
2024-10-31 00:50:43,818 - Sending SMS... 8
2024-10-31 00:50:45,819 - Sending SMS... 9
2024-10-31 00:50:47,819 - Sending SMS... 10
2024-10-31 00:50:49,820 - SMS session for Country: hife, Operator: rwafeh completed.
2024-10-31 00:52:38,689 - Script is starting from the testScript1...
2024-10-31 00:52:38,689 - Starting SMS session for Country: hife, Operator: rwafeh
2024-10-31 00:52:38,690 - Sending SMS... 1
2024-10-31 00:52:40,690 - Sending SMS... 2
2024-10-31 00:52:42,690 - Sending SMS... 3
2024-10-31 00:52:44,691 - Sending SMS... 4
2024-10-31 00:52:46,691 - Sending SMS... 5
2024-10-31 00:52:48,691 - Sending SMS... 6
2024-10-31 00:52:50,692 - Sending SMS... 7
2024-10-31 00:52:52,692 - Sending SMS... 8
2024-10-31 00:52:54,692 - Sending SMS... 9
2024-10-31 00:52:56,693 - Sending SMS... 10
2024-10-31 00:52:58,693 - SMS session for Country: hife, Operator: rwafeh completed.
2024-10-31 00:53:06,561 - Script is starting from the testScript1...
2024-10-31 00:53:06,561 - Starting SMS session for Country: hife, Operator: rwafeh
2024-10-31 00:53:06,561 - Sending SMS... 1
2024-10-31 00:53:08,561 - Sending SMS... 2
2024-10-31 00:53:10,561 - Sending SMS... 3
2024-10-31 00:53:12,562 - Sending SMS... 4
2024-10-31 00:53:14,562 - Sending SMS... 5
2024-10-31 00:53:16,562 - Sending SMS... 6
2024-10-31 00:53:18,563 - Sending SMS... 7
2024-10-31 00:53:20,563 - Sending SMS... 8
2024-10-31 00:53:22,563 - Sending SMS... 9
2024-10-31 00:53:24,564 - Sending SMS... 10
2024-10-31 00:53:26,564 - SMS session for Country: hife, Operator: rwafeh completed.
2024-10-31 00:53:53,879 - Script is starting from the testScript1...
2024-10-31 00:53:53,879 - Starting SMS session for Country: life, Operator: sotted
2024-10-31 00:53:53,879 - Sending SMS... 1
2024-10-31 00:53:55,879 - Sending SMS... 2
2024-10-31 00:53:57,880 - Sending SMS... 3
2024-10-31 00:53:59,880 - Sending SMS... 4
2024-10-31 00:54:01,880 - Sending SMS... 5
2024-10-31 00:54:03,880 - Sending SMS... 6
2024-10-31 00:54:05,881 - Sending SMS... 7
2024-10-31 00:54:07,881 - Sending SMS... 8
2024-10-31 00:55:43,595 - Script is starting from the testScript1...
2024-10-31 00:55:43,595 - Starting SMS session for Country: life, Operator: sotted
2024-10-31 00:55:43,595 - Sending SMS... 1
2024-10-31 00:55:45,596 - Sending SMS... 2
2024-10-31 00:55:47,596 - Sending SMS... 3
2024-10-31 00:55:49,596 - Sending SMS... 4
2024-10-31 00:55:51,596 - Sending SMS... 5
2024-10-31 00:55:53,597 - Sending SMS... 6
2024-10-31 00:55:55,597 - Sending SMS... 7
2024-10-31 00:55:57,597 - Sending SMS... 8
2024-10-31 00:55:59,598 - Sending SMS... 9
2024-10-31 00:56:01,598 - Sending SMS... 10
2024-10-31 00:56:03,598 - SMS session for Country: life, Operator: sotted completed.
2024-10-31 00:56:29,305 - Script is starting from the testScript1...
2024-10-31 00:56:29,305 - Starting SMS session for Country: life, Operator: sotted
2024-10-31 00:56:29,305 - Sending SMS... 1
2024-10-31 00:56:31,306 - Sending SMS... 2
2024-10-31 00:56:33,306 - Sending SMS... 3
2024-10-31 00:56:35,306 - Sending SMS... 4
2024-10-31 00:56:37,306 - Sending SMS... 5
2024-10-31 00:56:39,307 - Sending SMS... 6
2024-10-31 00:56:41,307 - Sending SMS... 7
2024-10-31 00:56:43,307 - Sending SMS... 8
2024-10-31 00:56:45,308 - Sending SMS... 9
2024-10-31 00:56:47,308 - Sending SMS... 10
2024-10-31 00:56:49,309 - SMS session for Country: life, Operator: sotted completed.
2024-10-31 00:57:12,843 - Script is starting from the smsScript...
2024-10-31 00:57:12,843 - Starting SMS session for Country: hife, Operator: rwafeh
2024-10-31 00:57:12,843 - Sending SMS... 1
2024-10-31 00:57:14,844 - Sending SMS... 2
2024-10-31 00:57:16,844 - Sending SMS... 3
2024-10-31 00:57:18,844 - Sending SMS... 4
2024-10-31 00:57:20,845 - Sending SMS... 5
2024-10-31 00:57:22,845 - Sending SMS... 6
2024-10-31 00:57:24,846 - Sending SMS... 7
2024-10-31 00:57:26,846 - Sending SMS... 8
2024-10-31 00:57:28,846 - Sending SMS... 9
2024-10-31 00:57:30,846 - Sending SMS... 10
2024-10-31 00:57:32,847 - SMS session for Country: hife, Operator: rwafeh completed.
2024-10-31 03:20:27,115 - Script is starting from the smsScript...
2024-10-31 03:20:27,116 - Starting SMS session for Country: hife, Operator: rwafeh
2024-10-31 03:20:27,116 - Sending SMS... 1
2024-10-31 03:20:29,116 - Sending SMS... 2
2024-10-31 03:20:31,117 - Sending SMS... 3
2024-10-31 03:20:33,117 - Sending SMS... 4
2024-10-31 03:20:35,118 - Sending SMS... 5
2024-10-31 03:20:37,118 - Sending SMS... 6
2024-10-31 03:20:39,118 - Sending SMS... 7
2024-10-31 03:20:41,118 - Sending SMS... 8
2024-10-31 03:20:43,119 - Sending SMS... 9
2024-10-31 03:20:45,119 - Sending SMS... 10
2024-10-31 03:20:47,119 - SMS session for Country: hife, Operator: rwafeh completed.
2024-10-31 03:29:38,350 - Script is starting from the smsScript...
2024-10-31 03:29:38,351 - Starting SMS session for Country: hife, Operator: rwafeh
2024-10-31 03:29:38,351 - Sending SMS... 1
2024-10-31 03:29:40,351 - Sending SMS... 2
2024-10-31 03:29:42,351 - Sending SMS... 3
2024-10-31 03:29:44,351 - Sending SMS... 4
2024-10-31 03:29:46,352 - Sending SMS... 5
2024-10-31 03:29:48,352 - Sending SMS... 6
2024-10-31 03:29:50,352 - Sending SMS... 7
2024-10-31 03:29:52,353 - Sending SMS... 8
2024-10-31 03:29:54,353 - Sending SMS... 9
2024-10-31 03:29:56,354 - Sending SMS... 10
2024-10-31 03:29:58,354 - SMS session for Country: hife, Operator: rwafeh completed.
2024-10-31 03:43:21,943 - Script is starting from the smsScript...
2024-10-31 03:43:21,944 - Starting SMS session for Country: hife, Operator: rwafeh
2024-10-31 03:43:21,944 - Sending SMS... 1
2024-10-31 03:43:23,944 - Sending SMS... 2
2024-10-31 03:43:25,945 - Sending SMS... 3
2024-10-31 03:43:27,945 - Sending SMS... 4
2024-10-31 03:43:29,945 - Sending SMS... 5
2024-10-31 03:43:31,946 - Sending SMS... 6
2024-10-31 03:43:33,946 - Sending SMS... 7
2024-10-31 03:43:35,946 - Sending SMS... 8
2024-10-31 03:43:37,947 - Sending SMS... 9
2024-10-31 03:43:39,947 - Sending SMS... 10
2024-10-31 03:43:40,050 - Script is starting from the smsScript...
2024-10-31 03:43:40,050 - Starting SMS session for Country: hife, Operator: rwafeh
2024-10-31 03:43:40,050 - Sending SMS... 1
2024-10-31 03:43:41,947 - SMS session for Country: hife, Operator: rwafeh completed.
2024-10-31 03:43:42,051 - Sending SMS... 2
2024-10-31 03:43:44,051 - Sending SMS... 3
2024-10-31 03:43:46,052 - Sending SMS... 4
2024-10-31 03:43:48,052 - Sending SMS... 5
2024-10-31 03:43:50,052 - Sending SMS... 6
2024-10-31 03:43:52,053 - Sending SMS... 7
2024-10-31 03:43:54,054 - Sending SMS... 8
2024-10-31 03:45:27,285 - Script is starting from the smsScript...
2024-10-31 03:45:27,285 - Usage: python3 smsScripts.py <country> <operator>
2024-10-31 03:48:00,895 - Script is starting from the smsScript...
2024-10-31 03:48:00,896 - Usage: python3 smsScripts.py <country> <operator>
2024-10-31 03:48:46,966 - Script is starting from the smsScript...
2024-10-31 03:48:46,966 - Usage: python3 smsScripts.py <country> <operator>
2024-10-31 03:49:16,695 - Script is starting from the smsScript...
2024-10-31 03:49:16,695 - Usage: python3 smsScripts.py <country> <operator>
2024-10-31 03:49:32,433 - Script is starting from the smsScript...
2024-10-31 03:49:32,433 - Starting SMS session for Country: hife, Operator: rwafeh
2024-10-31 03:49:32,434 - Sending SMS... 1
2024-10-31 03:49:34,434 - Sending SMS... 2
2024-10-31 03:49:36,436 - Sending SMS... 3
2024-10-31 03:49:38,436 - Sending SMS... 4
2024-10-31 03:49:40,436 - Sending SMS... 5
2024-10-31 03:49:42,437 - Sending SMS... 6
2024-10-31 03:49:44,437 - Sending SMS... 7
2024-10-31 03:49:46,437 - Sending SMS... 8
2024-10-31 03:49:48,438 - Sending SMS... 9
2024-10-31 03:49:50,438 - Sending SMS... 10
2024-10-31 03:49:52,439 - SMS session for Country: hife, Operator: rwafeh completed.
2024-10-31 03:57:30,332 - Script is starting from the smsScript...
2024-10-31 03:57:30,333 - Usage: python3 smsScripts.py <country> <operator>
2024-10-31 06:32:34,124 - Script is starting from the smsScript...
2024-10-31 06:32:34,125 - Starting SMS session for Country: hife, Operator: rwafeh
2024-10-31 06:32:34,125 - Sending SMS... 1
2024-10-31 06:32:36,125 - Sending SMS... 2
2024-10-31 06:32:38,126 - Sending SMS... 3
2024-10-31 06:32:40,126 - Sending SMS... 4
2024-10-31 06:32:42,126 - Sending SMS... 5
2024-10-31 06:32:44,127 - Sending SMS... 6
2024-10-31 06:32:46,127 - Sending SMS... 7
2024-10-31 06:32:48,127 - Sending SMS... 8
2024-10-31 06:32:50,128 - Sending SMS... 9
2024-10-31 06:32:52,128 - Sending SMS... 10
2024-10-31 06:32:54,128 - SMS session for Country: hife, Operator: rwafeh completed.
